This is pdfTeX, Version 3.14159265-2.6-1.40.20 (MiKTeX 2.9.7000 64-bit) (preloaded format=pdflatex 2019.10.13)  14 OCT 2019 20:44
entering extended mode
**./chapter1.tex
(chapter1.tex
LaTeX2e <2018-12-01>
! Undefined control sequence.
l.1 \chapter
            {Python dan Anaconda}
? 
! Emergency stop.
l.1 \chapter
            {Python dan Anaconda}
End of file on the terminal!

 
Here is how much of TeX's memory you used:
 7 strings out of 492945
 360 string characters out of 3119589
 56616 words of memory out of 3000000
 4005 multiletter control sequences out of 15000+200000
 3640 words of font info for 14 fonts, out of 3000000 for 9000
 1141 hyphenation exceptions out of 8191
 5i,0n,1p,47b,8s stack positions out of 5000i,500n,10000p,200000b,50000s
!  ==> Fatal error occurred, no output PDF file produced!
