This is pdfTeX, Version 3.14159265-2.6-1.40.20 (MiKTeX 2.9.7000 64-bit) (preloaded format=pdflatex 2019.10.13)  14 OCT 2019 20:34
entering extended mode
**"E:/Mata Kuliah/Tingkat 2 (Semester 3 & 4)/Pemrograman II/ANACONDA, PITON, da
n SPIDER/TUGAS 1/Chapter 1/Resume Sejarah Python/main.tex"

("E:/Mata Kuliah/Tingkat 2 (Semester 3 & 4)/Pemrograman II/ANACONDA, PITON, dan
 SPIDER/TUGAS 1/Chapter 1/Resume Sejarah Python/main.tex"
LaTeX2e <2018-12-01>

("E:/Mata Kuliah/Tingkat 2 (Semester 3 & 4)/Pemrograman II/ANACONDA, PITON, dan
 SPIDER/TUGAS 1/Chapter 1/Resume Sejarah Python\ociamthesis.cls"
Document Class: ociamthesis 2010/11/22 v2.2 OCIAM thesis class

("C:\Users\Ahmad Agung Tawakkal\AppData\Local\Programs\MiKTeX 2.9\tex/latex/bas
e\report.cls"
Document Class: report 2018/09/03 v1.4i Standard LaTeX document class

("C:\Users\Ahmad Agung Tawakkal\AppData\Local\Programs\MiKTeX 2.9\tex/latex/bas
e\size12.clo"
File: size12.clo 2018/09/03 v1.4i Standard LaTeX file (size option)
)
\c@part=\count80
\c@chapter=\count81
\c@section=\count82
\c@subsection=\count83
\c@subsubsection=\count84
\c@paragraph=\count85
\c@subparagraph=\count86
\c@figure=\count87
\c@table=\count88
\abovecaptionskip=\skip41
\belowcaptionskip=\skip42
\bibindent=\dimen102
)
("C:\Users\Ahmad Agung Tawakkal\AppData\Local\Programs\MiKTeX 2.9\tex/latex/gra
phics\graphicx.sty"
Package: graphicx 2017/06/01 v1.1a Enhanced LaTeX Graphics (DPC,SPQR)

("C:\Users\Ahmad Agung Tawakkal\AppData\Local\Programs\MiKTeX 2.9\tex/latex/gra
phics\keyval.sty"
Package: keyval 2014/10/28 v1.15 key=value parser (DPC)
\KV@toks@=\toks14
)
("C:\Users\Ahmad Agung Tawakkal\AppData\Local\Programs\MiKTeX 2.9\tex/latex/gra
phics\graphics.sty"
Package: graphics 2017/06/25 v1.2c Standard LaTeX Graphics (DPC,SPQR)

("C:\Users\Ahmad Agung Tawakkal\AppData\Local\Programs\MiKTeX 2.9\tex/latex/gra
phics\trig.sty"
Package: trig 2016/01/03 v1.10 sin cos tan (DPC)
)
("C:\Users\Ahmad Agung Tawakkal\AppData\Local\Programs\MiKTeX 2.9\tex/latex/gra
phics-cfg\graphics.cfg"
File: graphics.cfg 2016/06/04 v1.11 sample graphics configuration
)
Package graphics Info: Driver file: pdftex.def on input line 99.

("C:\Users\Ahmad Agung Tawakkal\AppData\Local\Programs\MiKTeX 2.9\tex/latex/gra
phics-def\pdftex.def"
File: pdftex.def 2018/01/08 v1.0l Graphics/color driver for pdftex
))
\Gin@req@height=\dimen103
\Gin@req@width=\dimen104
)
("C:\Users\Ahmad Agung Tawakkal\AppData\Local\Programs\MiKTeX 2.9\tex/latex/bas
e\ifthen.sty"
Package: ifthen 2014/09/29 v1.1c Standard LaTeX ifthen package (DPC)
))
("C:\Users\Ahmad Agung Tawakkal\AppData\Local\Programs\MiKTeX 2.9\tex/latex/ams
fonts\amssymb.sty"
Package: amssymb 2013/01/14 v3.01 AMS font symbols

("C:\Users\Ahmad Agung Tawakkal\AppData\Local\Programs\MiKTeX 2.9\tex/latex/ams
fonts\amsfonts.sty"
Package: amsfonts 2013/01/14 v3.01 Basic AMSFonts support
\@emptytoks=\toks15
\symAMSa=\mathgroup4
\symAMSb=\mathgroup5
LaTeX Font Info:    Overwriting math alphabet `\mathfrak' in version `bold'
(Font)                  U/euf/m/n --> U/euf/b/n on input line 106.
))
("C:\Users\Ahmad Agung Tawakkal\AppData\Local\Programs\MiKTeX 2.9\tex/latex/flo
at\float.sty"
Package: float 2001/11/08 v1.3d Float enhancements (AL)
\c@float@type=\count89
\float@exts=\toks16
\float@box=\box27
\@float@everytoks=\toks17
\@floatcapt=\box28
)
("E:/Mata Kuliah/Tingkat 2 (Semester 3 & 4)/Pemrograman II/ANACONDA, PITON, dan
 SPIDER/TUGAS 1/Chapter 1/Resume Sejarah Python\main.aux"
No file section/dedication.aux.

("E:/Mata Kuliah/Tingkat 2 (Semester 3 & 4)/Pemrograman II/ANACONDA, PITON, dan
 SPIDER/TUGAS 1/Chapter 1/Resume Sejarah Python\section/chapter1.aux")
No file section/chapter2.aux.
)
\openout1 = `main.aux'.

LaTeX Font Info:    Checking defaults for OML/cmm/m/it on input line 26.
LaTeX Font Info:    ... okay on input line 26.
LaTeX Font Info:    Checking defaults for T1/cmr/m/n on input line 26.
LaTeX Font Info:    ... okay on input line 26.
LaTeX Font Info:    Checking defaults for OT1/cmr/m/n on input line 26.
LaTeX Font Info:    ... okay on input line 26.
LaTeX Font Info:    Checking defaults for OMS/cmsy/m/n on input line 26.
LaTeX Font Info:    ... okay on input line 26.
LaTeX Font Info:    Checking defaults for OMX/cmex/m/n on input line 26.
LaTeX Font Info:    ... okay on input line 26.
LaTeX Font Info:    Checking defaults for U/cmr/m/n on input line 26.
LaTeX Font Info:    ... okay on input line 26.

("C:\Users\Ahmad Agung Tawakkal\AppData\Local\Programs\MiKTeX 2.9\tex/context/b
ase/mkii\supp-pdf.mkii"
[Loading MPS to PDF converter (version 2006.09.02).]
\scratchcounter=\count90
\scratchdimen=\dimen105
\scratchbox=\box29
\nofMPsegments=\count91
\nofMParguments=\count92
\everyMPshowfont=\toks18
\MPscratchCnt=\count93
\MPscratchDim=\dimen106
\MPnumerator=\count94
\makeMPintoPDFobject=\count95
\everyMPtoPDFconversion=\toks19
)
("C:\Users\Ahmad Agung Tawakkal\AppData\Local\Programs\MiKTeX 2.9\tex/latex/obe
rdiek\epstopdf-base.sty"
Package: epstopdf-base 2016/05/15 v2.6 Base part for package epstopdf

("C:\Users\Ahmad Agung Tawakkal\AppData\Local\Programs\MiKTeX 2.9\tex/generic/o
berdiek\infwarerr.sty"
Package: infwarerr 2016/05/16 v1.4 Providing info/warning/error messages (HO)
)
("C:\Users\Ahmad Agung Tawakkal\AppData\Local\Programs\MiKTeX 2.9\tex/latex/obe
rdiek\grfext.sty"
Package: grfext 2016/05/16 v1.2 Manage graphics extensions (HO)

("C:\Users\Ahmad Agung Tawakkal\AppData\Local\Programs\MiKTeX 2.9\tex/generic/o
berdiek\kvdefinekeys.sty"
Package: kvdefinekeys 2016/05/16 v1.4 Define keys (HO)

("C:\Users\Ahmad Agung Tawakkal\AppData\Local\Programs\MiKTeX 2.9\tex/generic/o
berdiek\ltxcmds.sty"
Package: ltxcmds 2016/05/16 v1.23 LaTeX kernel commands for general use (HO)
)))
("C:\Users\Ahmad Agung Tawakkal\AppData\Local\Programs\MiKTeX 2.9\tex/latex/obe
rdiek\kvoptions.sty"
Package: kvoptions 2016/05/16 v3.12 Key value format for package options (HO)

("C:\Users\Ahmad Agung Tawakkal\AppData\Local\Programs\MiKTeX 2.9\tex/generic/o
berdiek\kvsetkeys.sty"
Package: kvsetkeys 2016/05/16 v1.17 Key value parser (HO)

("C:\Users\Ahmad Agung Tawakkal\AppData\Local\Programs\MiKTeX 2.9\tex/generic/o
berdiek\etexcmds.sty"
Package: etexcmds 2016/05/16 v1.6 Avoid name clashes with e-TeX commands (HO)

("C:\Users\Ahmad Agung Tawakkal\AppData\Local\Programs\MiKTeX 2.9\tex/generic/o
berdiek\ifluatex.sty"
Package: ifluatex 2016/05/16 v1.4 Provides the ifluatex switch (HO)
Package ifluatex Info: LuaTeX not detected.
))))
("C:\Users\Ahmad Agung Tawakkal\AppData\Local\Programs\MiKTeX 2.9\tex/generic/o
berdiek\pdftexcmds.sty"
Package: pdftexcmds 2018/09/10 v0.29 Utility functions of pdfTeX for LuaTeX (HO
)

("C:\Users\Ahmad Agung Tawakkal\AppData\Local\Programs\MiKTeX 2.9\tex/generic/o
berdiek\ifpdf.sty"
Package: ifpdf 2018/09/07 v3.3 Provides the ifpdf switch
)
Package pdftexcmds Info: LuaTeX not detected.
Package pdftexcmds Info: \pdf@primitive is available.
Package pdftexcmds Info: \pdf@ifprimitive is available.
Package pdftexcmds Info: \pdfdraftmode found.
)
Package epstopdf-base Info: Redefining graphics rule for `.eps' on input line 4
38.
Package grfext Info: Graphics extension search list:
(grfext)             [.pdf,.png,.jpg,.mps,.jpeg,.jbig2,.jb2,.PDF,.PNG,.JPG,.JPE
G,.JBIG2,.JB2,.eps]
(grfext)             \AppendGraphicsExtensions on input line 456.
)
<logo-poltekpos.png, id=1, 291.2481pt x 272.217pt>
File: logo-poltekpos.png Graphic file (type png)
<use logo-poltekpos.png>
Package pdftex.def Info: logo-poltekpos.png  used on input line 28.
(pdftex.def)             Requested size: 91.04881pt x 85.10081pt.
 [1


{C:/Users/Ahmad Agung Tawakkal/AppData/Local/MiKTeX/2.9/pdftex/config/pdftex.ma
p} <E:/Mata Kuliah/Tingkat 2 (Semester 3 & 4)/Pemrograman II/ANACONDA, PITON, d
an SPIDER/TUGAS 1/Chapter 1/Resume Sejarah Python/logo-poltekpos.png>]
\openout2 = `section/chapter1.aux'.


("E:/Mata Kuliah/Tingkat 2 (Semester 3 & 4)/Pemrograman II/ANACONDA, PITON, dan
 SPIDER/TUGAS 1/Chapter 1/Resume Sejarah Python\section/chapter1.tex"
Chapter 1.

Underfull \hbox (badness 10000) in paragraph at lines 4--5

 []


Underfull \hbox (badness 10000) in paragraph at lines 5--6

 []

[2


]
LaTeX Font Info:    Try loading font information for OMS+cmr on input line 21.

("C:\Users\Ahmad Agung Tawakkal\AppData\Local\Programs\MiKTeX 2.9\tex/latex/bas
e\omscmr.fd"
File: omscmr.fd 2014/09/29 v2.5h Standard LaTeX font definitions
)
LaTeX Font Info:    Font shape `OMS/cmr/m/n' in size <12> not available
(Font)              Font shape `OMS/cmsy/m/n' tried instead on input line 21.

Overfull \hbox (2.85321pt too wide) in paragraph at lines 62--63
[]\OT1/cmr/m/n/12 Jika su-dah di in-stall, se-lan-jut-nya lan-sung buka ana-con
-danya den-gan mengk-
 []


LaTeX Warning: File `gambar_1.PNG' not found on input line 72.


! Package pdftex.def Error: File `gambar_1.PNG' not found: using draft setting.


See the pdftex.def package documentation for explanation.
Type  H <return>  for immediate help.
 ...                                              
                                                  
l.72 ...s[width = 10cm, height= 7cm]{gambar_1.PNG}
                                                  
? 
! Emergency stop.
 ...                                              
                                                  
l.72 ...s[width = 10cm, height= 7cm]{gambar_1.PNG}
                                                  
Try typing  <return>  to proceed.
If that doesn't work, type  X <return>  to quit.

 
Here is how much of TeX's memory you used:
 1877 strings out of 492945
 29224 string characters out of 3119589
 90272 words of memory out of 3000000
 5762 multiletter control sequences out of 15000+200000
 6359 words of font info for 23 fonts, out of 3000000 for 9000
 1141 hyphenation exceptions out of 8191
 41i,4n,27p,771b,343s stack positions out of 5000i,500n,10000p,200000b,50000s
!  ==> Fatal error occurred, no output PDF file produced!
